# JRE version: Java(TM) SE Runtime Environment 18.9 (11.0.14+8) (build 11.0.14+8-LTS-263)
# Java VM: Java HotSpot(TM) 64-Bit Server VM 18.9 (11.0.14+8-LTS-263, mixed mode, tiered, compressed oops, g1 gc, windows-amd64)
Heap:
 garbage-first heap   total 522240K, used 15806K [0x0000000602c00000, 0x0000000800000000)
  region size 2048K, 6 young (12288K), 4 survivors (8192K)
 Metaspace       used 34925K, capacity 36020K, committed 36304K, reserved 1081344K
  class space    used 4172K, capacity 4618K, committed 4736K, reserved 1048576K
GC Heap History (6 events):
Event: 0.442 GC heap before
{Heap before GC invocations=0 (full 0):
 garbage-first heap   total 522240K, used 22528K [0x0000000602c00000, 0x0000000800000000)
  region size 2048K, 12 young (24576K), 0 survivors (0K)
 Metaspace       used 11954K, capacity 12322K, committed 12416K, reserved 1060864K
  class space    used 1193K, capacity 1343K, committed 1408K, reserved 1048576K
}
Event: 0.446 GC heap after
{Heap after GC invocations=1 (full 0):
 garbage-first heap   total 522240K, used 6402K [0x0000000602c00000, 0x0000000800000000)
  region size 2048K, 2 young (4096K), 2 survivors (4096K)
 Metaspace       used 11954K, capacity 12322K, committed 12416K, reserved 1060864K
  class space    used 1193K, capacity 1343K, committed 1408K, reserved 1048576K
}
Event: 1.039 GC heap before
{Heap before GC invocations=1 (full 0):
 garbage-first heap   total 522240K, used 57602K [0x0000000602c00000, 0x0000000800000000)
  region size 2048K, 28 young (57344K), 2 survivors (4096K)
 Metaspace       used 20415K, capacity 21127K, committed 21296K, reserved 1069056K
  class space    used 2292K, capacity 2576K, committed 2688K, reserved 1048576K
}
Event: 1.043 GC heap after
{Heap after GC invocations=2 (full 0):
 garbage-first heap   total 522240K, used 8535K [0x0000000602c00000, 0x0000000800000000)
  region size 2048K, 4 young (8192K), 4 survivors (8192K)
 Metaspace       used 20415K, capacity 21127K, committed 21296K, reserved 1069056K
  class space    used 2292K, capacity 2576K, committed 2688K, reserved 1048576K
}
Event: 1.466 GC heap before
{Heap before GC invocations=3 (full 0):
 garbage-first heap   total 522240K, used 65879K [0x0000000602c00000, 0x0000000800000000)
  region size 2048K, 32 young (65536K), 4 survivors (8192K)
 Metaspace       used 29249K, capacity 30188K, committed 30512K, reserved 1075200K
  class space    used 3431K, capacity 3843K, committed 3968K, reserved 1048576K
}
Event: 1.470 GC heap after
{Heap after GC invocations=4 (full 0):
 garbage-first heap   total 522240K, used 11261K [0x0000000602c00000, 0x0000000800000000)
  region size 2048K, 3 young (6144K), 3 survivors (6144K)
 Metaspace       used 29249K, capacity 30188K, committed 30512K, reserved 1075200K
  class space    used 3431K, capacity 3843K, committed 3968K, reserved 1048576K
}

